<?xml version="1.0" encoding="UTF-8"?>
<!-- Generated by org.testng.reporters.JUnitReportReporter -->
<testsuite hostname="LAPTOP-BRF3MDB0" failures="0" tests="1" name="com.sikuli.AutomationProject" time="51.757" errors="0" timestamp="2022-04-28T13:34:40 IST" skipped="0">
  <testcase classname="com.sikuli.AutomationProject" name="show" time="51.757"/>
  <system-out/>
</testsuite> <!-- com.sikuli.AutomationProject -->
